build/outputs/apk/manifest-merger-debug-report.txt
-- Merging decision tree log ---
manifest
ADDED from AndroidManifest.xml:2:1
	xmlns:android
		ADDED from AndroidManifest.xml:2:11
	package
		ADDED from AndroidManifest.xml:3:5
	android:versionName
		ADDED from AndroidManifest.xml:5:5
	android:versionCode
		ADDED from AndroidManifest.xml:4:5
		INJECTED from AndroidManifest.xml:0:0
		INJECTED from AndroidManifest.xml:0:0
uses-sdk
ADDED from AndroidManifest.xml:7:5
MERGED from com.android.support:appcompat-v7:22.0.0:20:5
MERGED from com.android.support:support-v4:22.0.0:20:5
MERGED from com.facebook.fresco:fresco:0.6.0:5:5
MERGED from com.facebook.fresco:drawee:0.6.0:5:5
MERGED from com.facebook.fresco:fbcore:0.6.0:5:5
MERGED from com.android.support:support-v4:22.0.0:20:5
MERGED from com.facebook.fresco:fbcore:0.6.0:5:5
MERGED from com.facebook.fresco:imagepipeline:0.6.0:5:5
MERGED from com.facebook.fresco:fbcore:0.6.0:5:5
MERGED from com.android.support:support-v4:22.0.0:20:5
	android:targetSdkVersion
		ADDED from AndroidManifest.xml:9:9
	android:minSdkVersion
		ADDED from AndroidManifest.xml:8:9
uses-permission#android.permission.ACCESS_COARSE_LOCATION
ADDED from AndroidManifest.xml:12:5
	android:name
		ADDED from AndroidManifest.xml:12:22
uses-permission#android.permission.ACCESS_FINE_LOCATION
ADDED from AndroidManifest.xml:14:5
	android:name
		ADDED from AndroidManifest.xml:14:22
uses-permission#android.permission.ACCESS_WIFI_STATE
ADDED from AndroidManifest.xml:16:5
	android:name
		ADDED from AndroidManifest.xml:16:22
uses-permission#android.permission.ACCESS_NETWORK_STATE
ADDED from AndroidManifest.xml:18:5
	android:name
		ADDED from AndroidManifest.xml:18:22
uses-permission#android.permission.CHANGE_WIFI_STATE
ADDED from AndroidManifest.xml:20:5
	android:name
		ADDED from AndroidManifest.xml:20:22
uses-permission#android.permission.READ_PHONE_STATE
ADDED from AndroidManifest.xml:22:5
	android:name
		ADDED from AndroidManifest.xml:22:22
uses-permission#android.permission.WRITE_EXTERNAL_STORAGE
ADDED from AndroidManifest.xml:24:5
	android:name
		ADDED from AndroidManifest.xml:24:22
uses-permission#android.permission.INTERNET
ADDED from AndroidManifest.xml:26:5
	android:name
		ADDED from AndroidManifest.xml:26:22
uses-permission#android.permission.MOUNT_UNMOUNT_FILESYSTEMS
ADDED from AndroidManifest.xml:28:5
	android:name
		ADDED from AndroidManifest.xml:28:22
application
ADDED from AndroidManifest.xml:31:5
MERGED from com.android.support:appcompat-v7:22.0.0:22:5
MERGED from com.android.support:support-v4:22.0.0:22:5
MERGED from com.android.support:support-v4:22.0.0:22:5
MERGED from com.android.support:support-v4:22.0.0:22:5
	android:label
		ADDED from AndroidManifest.xml:35:9
	android:allowBackup
		ADDED from AndroidManifest.xml:33:9
	android:icon
		ADDED from AndroidManifest.xml:34:9
	android:theme
		ADDED from AndroidManifest.xml:36:9
	android:name
		ADDED from AndroidManifest.xml:32:9
activity#com.derson.pumelo.home.MainActivity
ADDED from AndroidManifest.xml:37:9
	android:label
		ADDED from AndroidManifest.xml:39:13
	android:name
		ADDED from AndroidManifest.xml:38:13
intent-filter#android.intent.action.MAIN+android.intent.category.LAUNCHER
ADDED from AndroidManifest.xml:40:13
action#android.intent.action.MAIN
ADDED from AndroidManifest.xml:41:17
	android:name
		ADDED from AndroidManifest.xml:41:25
category#android.intent.category.LAUNCHER
ADDED from AndroidManifest.xml:43:17
	android:name
		ADDED from AndroidManifest.xml:43:27
service#com.baidu.location.f
ADDED from AndroidManifest.xml:49:5
	android:process
		ADDED from AndroidManifest.xml:49:73
	android:enabled
		ADDED from AndroidManifest.xml:49:50
	android:name
		ADDED from AndroidManifest.xml:49:14
meta-data#com.baidu.lbsapi.API_KEY
ADDED from AndroidManifest.xml:53:5
	android:name
		ADDED from AndroidManifest.xml:54:9
	android:value
		ADDED from AndroidManifest.xml:55:9